<?xml version="1.0" encoding="UTF-8"?>
<!-- Generated by org.testng.reporters.JUnitReportReporter -->
<testsuite hostname="EC2AMAZ-S11DBRH" failures="0" tests="1" name="runners.PlaceOrderRunner" time="3.678" errors="0" timestamp="2024-03-27T07:19:00 GMT" skipped="0">
  <testcase classname="runners.PlaceOrderRunner" name="runScenario" time="3.678"/>
  <system-out/>
</testsuite> <!-- runners.PlaceOrderRunner -->
